# JRE version: OpenJDK Runtime Environment (11.0.10) (build 11.0.10+0-b96-7249189)
# Java VM: OpenJDK 64-Bit Server VM (11.0.10+0-b96-7249189, mixed mode, tiered, compressed oops, g1 gc, windows-amd64)
Heap:
 garbage-first heap   total 236544K, used 105227K [0x0000000741600000, 0x0000000800000000)
  region size 1024K, 71 young (72704K), 10 survivors (10240K)
 Metaspace       used 56198K, capacity 56946K, committed 57088K, reserved 1099776K
  class space    used 6364K, capacity 6639K, committed 6656K, reserved 1048576K
GC Heap History (12 events):
Event: 0.347 GC heap before
{Heap before GC invocations=0 (full 0):
 garbage-first heap   total 196608K, used 17408K [0x0000000741600000, 0x0000000800000000)
  region size 1024K, 14 young (14336K), 0 survivors (0K)
 Metaspace       used 9759K, capacity 9871K, committed 10112K, reserved 1058816K
  class space    used 834K, capacity 884K, committed 896K, reserved 1048576K
}
Event: 0.349 GC heap after
{Heap after GC invocations=1 (full 0):
 garbage-first heap   total 196608K, used 5179K [0x0000000741600000, 0x0000000800000000)
  region size 1024K, 2 young (2048K), 2 survivors (2048K)
 Metaspace       used 9759K, capacity 9871K, committed 10112K, reserved 1058816K
  class space    used 834K, capacity 884K, committed 896K, reserved 1048576K
}
Event: 1.023 GC heap before
{Heap before GC invocations=1 (full 0):
 garbage-first heap   total 196608K, used 52283K [0x0000000741600000, 0x0000000800000000)
  region size 1024K, 49 young (50176K), 2 survivors (2048K)
 Metaspace       used 20927K, capacity 21164K, committed 21248K, reserved 1069056K
  class space    used 2202K, capacity 2283K, committed 2304K, reserved 1048576K
}
Event: 1.033 GC heap after
{Heap after GC invocations=2 (full 0):
 garbage-first heap   total 196608K, used 9607K [0x0000000741600000, 0x0000000800000000)
  region size 1024K, 7 young (7168K), 7 survivors (7168K)
 Metaspace       used 20927K, capacity 21164K, committed 21248K, reserved 1069056K
  class space    used 2202K, capacity 2283K, committed 2304K, reserved 1048576K
}
Event: 2.130 GC heap before
{Heap before GC invocations=3 (full 0):
 garbage-first heap   total 196608K, used 67975K [0x0000000741600000, 0x0000000800000000)
  region size 1024K, 56 young (57344K), 7 survivors (7168K)
 Metaspace       used 30360K, capacity 30810K, committed 30976K, reserved 1077248K
  class space    used 3576K, capacity 3768K, committed 3840K, reserved 1048576K
}
Event: 2.140 GC heap after
{Heap after GC invocations=4 (full 0):
 garbage-first heap   total 196608K, used 22765K [0x0000000741600000, 0x0000000800000000)
  region size 1024K, 7 young (7168K), 7 survivors (7168K)
 Metaspace       used 30360K, capacity 30810K, committed 30976K, reserved 1077248K
  class space    used 3576K, capacity 3768K, committed 3840K, reserved 1048576K
}
Event: 2.574 GC heap before
{Heap before GC invocations=4 (full 0):
 garbage-first heap   total 196608K, used 48365K [0x0000000741600000, 0x0000000800000000)
  region size 1024K, 29 young (29696K), 7 survivors (7168K)
 Metaspace       used 35222K, capacity 35729K, committed 35840K, reserved 1081344K
  class space    used 4327K, capacity 4511K, committed 4608K, reserved 1048576K
}
Event: 2.580 GC heap after
{Heap after GC invocations=5 (full 0):
 garbage-first heap   total 196608K, used 26558K [0x0000000741600000, 0x0000000800000000)
  region size 1024K, 2 young (2048K), 2 survivors (2048K)
 Metaspace       used 35222K, capacity 35729K, committed 35840K, reserved 1081344K
  class space    used 4327K, capacity 4511K, committed 4608K, reserved 1048576K
}
Event: 3.468 GC heap before
{Heap before GC invocations=6 (full 0):
 garbage-first heap   total 196608K, used 89022K [0x0000000741600000, 0x0000000800000000)
  region size 1024K, 62 young (63488K), 2 survivors (2048K)
 Metaspace       used 46448K, capacity 47062K, committed 47232K, reserved 1091584K
  class space    used 5464K, capacity 5681K, committed 5760K, reserved 1048576K
}
Event: 3.485 GC heap after
{Heap after GC invocations=7 (full 0):
 garbage-first heap   total 196608K, used 33792K [0x0000000741600000, 0x0000000800000000)
  region size 1024K, 8 young (8192K), 8 survivors (8192K)
 Metaspace       used 46448K, capacity 47062K, committed 47232K, reserved 1091584K
  class space    used 5464K, capacity 5681K, committed 5760K, reserved 1048576K
}
Event: 4.569 GC heap before
{Heap before GC invocations=8 (full 0):
 garbage-first heap   total 196608K, used 102400K [0x0000000741600000, 0x0000000800000000)
  region size 1024K, 75 young (76800K), 8 survivors (8192K)
 Metaspace       used 52389K, capacity 53007K, committed 53120K, reserved 1095680K
  class space    used 5968K, capacity 6222K, committed 6272K, reserved 1048576K
}
Event: 4.584 GC heap after
{Heap after GC invocations=9 (full 0):
 garbage-first heap   total 236544K, used 43787K [0x0000000741600000, 0x0000000800000000)
  region size 1024K, 10 young (10240K), 10 survivors (10240K)
 Metaspace       used 52389K, capacity 53007K, committed 53120K, reserved 1095680K
  class space    used 5968K, capacity 6222K, committed 6272K, reserved 1048576K
}

